Start Download Data
WARNING: timestamping does nothing in combination with -O. See the manual
for details.

WARNING: timestamping does nothing in combination with -O. See the manual
for details.

--2024-09-30 11:25:51--  https://climate.weather.gc.ca/climate_data/bulk_data_e.html?format=csv&stationID=48549&Year=2020&Month=2&Day=14&timeframe=1&submit=%20Download+Data
--2024-09-30 11:25:51--  https://climate.weather.gc.ca/climate_data/bulk_data_e.html?format=csv&stationID=48549&Year=2020&Month=2&Day=14&timeframe=1&submit=%20Download+Data
Resolving climate.weather.gc.ca (climate.weather.gc.ca)... Resolving climate.weather.gc.ca (climate.weather.gc.ca)... 205.189.10.46
Connecting to climate.weather.gc.ca (climate.weather.gc.ca)|205.189.10.46|:443... 205.189.10.46
Connecting to climate.weather.gc.ca (climate.weather.gc.ca)|205.189.10.46|:443... connected.
connected.
HTTP request sent, awaiting response... HTTP request sent, awaiting response... 200 OK
Length: unspecified [application/force-download]
200 OK
Length: unspecified [application/force-download]
Saving to: ‘/Users/athmhak/lab1/input/2020.csv’
Saving to: ‘/Users/athmhak/lab1/input/2020.csv’

     0K .....
     0K.....  .............. ............ ......... ...... ........... .......... ................ ..........  503K
    50K .......... ..  503K
    50K ............. .......... ................. .. .......... ........ ................ ..........  116M
   100K ............ ....  116M
   100K .......... ........... ........... .........  .                                                629K    629K=0.1s

=0.1s

2024-09-30 11:25:53 (887 KB/s) - ‘/Users/athmhak/lab1/input/2020.csv’ saved [130712]

2024-09-30 11:25:53 (887 KB/s) - ‘/Users/athmhak/lab1/input/2020.csv’ saved [130712]

WARNING: timestamping does nothing in combination with -O. See the manual
for details.

WARNING: timestamping does nothing in combination with -O. See the manual
for details.

--2024-09-30 11:25:53--  https://climate.weather.gc.ca/climate_data/bulk_data_e.html?format=csv&stationID=48549&Year=2021&Month=2&Day=14&timeframe=1&submit=%20Download+Data
--2024-09-30 11:25:53--  https://climate.weather.gc.ca/climate_data/bulk_data_e.html?format=csv&stationID=48549&Year=2021&Month=2&Day=14&timeframe=1&submit=%20Download+Data
Resolving climate.weather.gc.ca (climate.weather.gc.ca)... Resolving climate.weather.gc.ca (climate.weather.gc.ca)... 205.189.10.46
Connecting to climate.weather.gc.ca (climate.weather.gc.ca)|205.189.10.46|:443... 205.189.10.46
Connecting to climate.weather.gc.ca (climate.weather.gc.ca)|205.189.10.46|:443... connected.
connected.
HTTP request sent, awaiting response... HTTP request sent, awaiting response... 200 OK
200 OK
Length: unspecified [application/force-download]
Length: unspecified [application/force-download]
Saving to: ‘/Users/athmhak/lab1/input/2021.csv’
Saving to: ‘/Users/athmhak/lab1/input/2021.csv’

     0K ....
     0K...... ....... ....... ............ ......... ............ ... ............. ..........  778K
    50K ....... ..................  778K
    50K .......... ..... ........... ................ .......... .......... . ............... .......... 2.04M
   100K.. ... 2.04M
   100K..... .......... ...... ........ ...........        .. ...                                                 205M=0.09s

2024-09-30 11:25:55 (1.37 MB/s) - ‘/Users/athmhak/lab1/input/2021.csv’ saved [126714]

     205M=0.09s

2024-09-30 11:25:55 (1.37 MB/s) - ‘/Users/athmhak/lab1/input/2021.csv’ saved [126714]

WARNING: timestamping does nothing in combination with -O. See the manual
for details.

WARNING: timestamping does nothing in combination with -O. See the manual
for details.

--2024-09-30 11:25:55--  https://climate.weather.gc.ca/climate_data/bulk_data_e.html?format=csv&stationID=48549&Year=2022&Month=2&Day=14&timeframe=1&submit=%20Download+Data
--2024-09-30 11:25:55--  https://climate.weather.gc.ca/climate_data/bulk_data_e.html?format=csv&stationID=48549&Year=2022&Month=2&Day=14&timeframe=1&submit=%20Download+Data
Resolving climate.weather.gc.ca (climate.weather.gc.ca)... Resolving climate.weather.gc.ca (climate.weather.gc.ca)... 205.189.10.46
Connecting to climate.weather.gc.ca (climate.weather.gc.ca)|205.189.10.46|:443... 205.189.10.46
Connecting to climate.weather.gc.ca (climate.weather.gc.ca)|205.189.10.46|:443... connected.
connected.
HTTP request sent, awaiting response... HTTP request sent, awaiting response... 200 OK
Length: unspecified [application/force-download]
200 OK
Length: unspecified [application/force-download]
Saving to: ‘/Users/athmhak/lab1/input/2022.csv’
Saving to: ‘/Users/athmhak/lab1/input/2022.csv’

     0K ..........
     0K .... ......... .............. .......... ........ ....... .......... ........... ...............  704K
    50K ....  704K
    50K ................. ..... .......... ................ .......... .......... . ............. ............ 1.70M
   100K ....... 1.70M.......
   100K ..... ....... ........... ....... ......                               161M  =0.1s

2024-09-30 11:25:57 (1.21 MB/s) - ‘/Users/athmhak/lab1/input/2022.csv’ saved [126636]

                             161M=0.1s

2024-09-30 11:25:57 (1.21 MB/s) - ‘/Users/athmhak/lab1/input/2022.csv’ saved [126636]

Start to run Python Script
PROGRAM SUCCEEDED
