Start Download Data
WARNING: timestamping does nothing in combination with -O. See the manual
for details.

WARNING: timestamping does nothing in combination with -O. See the manual
for details.

--2024-10-06 13:20:51--  https://climate.weather.gc.ca/climate_data/bulk_data_e.html?format=csv&stationID=48549&Year=2020&Month=2&Day=14&timeframe=1&submit=%20Download+Data
--2024-10-06 13:20:51--  https://climate.weather.gc.ca/climate_data/bulk_data_e.html?format=csv&stationID=48549&Year=2020&Month=2&Day=14&timeframe=1&submit=%20Download+Data
Resolving climate.weather.gc.ca (climate.weather.gc.ca)... Resolving climate.weather.gc.ca (climate.weather.gc.ca)... 205.189.10.46
Connecting to climate.weather.gc.ca (climate.weather.gc.ca)|205.189.10.46|:443... 205.189.10.46
Connecting to climate.weather.gc.ca (climate.weather.gc.ca)|205.189.10.46|:443... connected.
connected.
HTTP request sent, awaiting response... HTTP request sent, awaiting response... 200 OK
Length: 200 OK
unspecified [application/force-download]
Length: unspecified [application/force-download]
Saving to: ‘/Users/athmhak/lab1/input/2020.csv’
Saving to: ‘/Users/athmhak/lab1/input/2020.csv’

     0K ....
     0K.. ........ .......... ............ ....... ............ ....... ............... ........ .............  643K
    50K ........  643K
    50K.... .... .......... .......... ................ .......... .... ...... ................ .......... 1.52M
   100K .......... 1.52M
   100K ........ ........ .............. ........... .......                                         10.4M=0.1s

2024-10-06 13:20:52 (1.11 MB/s) - ‘/Users/athmhak/lab1/input/2020.csv’ saved [130712]

           10.4M=0.1s

2024-10-06 13:20:52 (1.11 MB/s) - ‘/Users/athmhak/lab1/input/2020.csv’ saved [130712]

WARNING: timestamping does nothing in combination with -O. See the manual
for details.

WARNING: timestamping does nothing in combination with -O. See the manual
for details.

--2024-10-06 13:20:52--  https://climate.weather.gc.ca/climate_data/bulk_data_e.html?format=csv&stationID=48549&Year=2021&Month=2&Day=14&timeframe=1&submit=%20Download+Data
--2024-10-06 13:20:52--  https://climate.weather.gc.ca/climate_data/bulk_data_e.html?format=csv&stationID=48549&Year=2021&Month=2&Day=14&timeframe=1&submit=%20Download+Data
Resolving climate.weather.gc.ca (climate.weather.gc.ca)... 205.189.10.46
Connecting to climate.weather.gc.ca (climate.weather.gc.ca)|205.189.10.46|:443... connected.
HTTP request sent, awaiting response... 200 OK
Length: unspecified [application/force-download]
Saving to: ‘/Users/athmhak/lab1/input/2021.csv’

     0K .......... .......... .......... .......... ..........  749K
    50K .......... .......... .......... .......... .......... 1.10M
   100K .......... .......... ...                              77.3M=0.1s

2024-10-06 13:20:55 (1.08 MB/s) - ‘/Users/athmhak/lab1/input/2021.csv’ saved [126714]

WARNING: timestamping does nothing in combination with -O. See the manual
for details.

--2024-10-06 13:20:55--  https://climate.weather.gc.ca/climate_data/bulk_data_e.html?format=csv&stationID=48549&Year=2022&Month=2&Day=14&timeframe=1&submit=%20Download+Data
Resolving climate.weather.gc.ca (climate.weather.gc.ca)... 205.189.10.46
Connecting to climate.weather.gc.ca (climate.weather.gc.ca)|205.189.10.46|:443... connected.
HTTP request sent, awaiting response... 